***  Installation Started 10/20/2010 17:04  ***
Title:  Installation
Source: C:\Users\aledesma\AppData\Local\Temp\GLB993D.tmp | 10-20-2010 | 17:04:30 | 71680
Made Dir: C:\Program Files\jZip
File Copy: C:\Program Files\jZip\UNWISE.EXE | 07-26-2002 | 16:02:06 | | 153088 | 5be5019b
RegDB Key: Software\Microsoft\Windows\CurrentVersion\Uninstall\jZip
RegDB Val: jZip
RegDB Name: DisplayName
RegDB Root: 2
RegDB Key: Software\Microsoft\Windows\CurrentVersion\Uninstall\jZip
RegDB Val: C:\Program Files\jZip\jZip.exe
RegDB Name: DisplayIcon
RegDB Root: 2
RegDB Key: Software\Microsoft\Windows\CurrentVersion\Uninstall\jZip
RegDB Val: C:\PROGRA~1\jZip\UNWISE.EXE /U C:\PROGRA~1\jZip\INSTALL.LOG
RegDB Name: UninstallString
RegDB Root: 2
RegDB Key: Software\Microsoft\Windows\CurrentVersion\Uninstall\jZip
RegDB Val: Discordia Limited.
RegDB Name: Publisher
RegDB Root: 2
RegDB Key: Software\Microsoft\Windows\CurrentVersion\Uninstall\jZip
RegDB Val: 1
RegDB Name: NoModify
RegDB Root: 2
RegDB Key: Software\Microsoft\Windows\CurrentVersion\Uninstall\jZip
RegDB Val: 1
RegDB Name: NoRepair
RegDB Root: 2
File Copy: C:\Program Files\jZip\Uninstall.exe | 09-27-2010 | 15:02:58 | | 471040 | 635b244f
File Copy: C:\Program Files\jZip\7z.dll | 04-09-2008 | 12:13:28 | 4.55.0.0 | 598528 | a54f6926
File Copy: C:\Program Files\jZip\CoreArchiver.dll | 09-27-2010 | 14:54:24 | 1.3.0.0 | 327680 | 27a77f75
File Copy: C:\Program Files\jZip\jZip.exe | 09-27-2010 | 15:14:34 | 1.3.0.0 | 2786752 | 8fac57b6
File Copy: C:\Program Files\jZip\ResourcesLOC.dll | 09-27-2010 | 15:14:42 | 1.3.0.0 | 693696 | 20276d7a
File Copy: C:\Program Files\jZip\license.rtf | 04-09-2008 | 12:12:18 | | 38793 | b2e5dafe
File Copy: C:\Program Files\jZip\Archive created by free jZip.url | 04-09-2008 | 12:12:18 | | 58 | 5ec7fd46
File Copy: C:\Program Files\jZip\jZipShell.dll | 09-27-2010 | 15:14:40 | 1.3.0.0 | 468416 | e223e303
Shell Link: C:\ProgramData\Microsoft\Windows\Start Menu\Programs\jZip\jZip.lnk
Link Info: C:\Program Files\jZip\jZip.exe | C:\Program Files\jZip |  | 0 | 1 | 0 | 
Shell Link: C:\ProgramData\Microsoft\Windows\Start Menu\Programs\jZip\License Agreement.lnk
Link Info: C:\Program Files\jZip\license.rtf | C:\Program Files\jZip |  | 0 | 1 | 0 | 
Shell Link: C:\ProgramData\Microsoft\Windows\Start Menu\Programs\jZip\Uninstall jZip.lnk
Link Info: C:\Program Files\jZip\Uninstall.exe | C:\Program Files\jZip | C:\Program Files\jZip\Unwise.exe | 0 | 1 | 0 | "C:\Program Files\jZip\Unwise.exe" /U install.log
RegDB Key: SOFTWARE\Microsoft\Windows\CurrentVersion\App Paths\jzip.exe
RegDB Val: "C:\Program Files\jZip\jZip.exe"
RegDB Root: 2
RegDB Key: SYSTEM\CurrentControlSet\Control\Session Manager\Environment
RegDB Val: C:\uniPaaS\Java\JDK_1_5_0_04\bin;C:\PVSW\BIN;C:\Windows\system32;C:\Windows;C:\Windows\System32\Wbem;C:\Windows\System32\WindowsPowerShell\v1.0\;C:\uniPaaS\Studio\cvs_client;C:\Program Files\Microsoft SQL Server\80\Tools\Binn\;C:\Program Files\Microsoft SQL Server\90\DTS\Binn\;C:\Program Files\Microsoft SQL Server\90\Tools\binn\;C:\Program Files\Microsoft SQL Server\90\Tools\Binn\VSShell\Common7\IDE\;C:\Program Files\Microsoft Visual Studio 8\Common7\IDE\PrivateAssemblies\;C:\uniPaaS\Studio19\cvs_client;C:\PROGRA~1\IBM\SQLLIB\BIN;C:\PROGRA~1\IBM\SQLLIB\FUNCTION;C:\PROGRA~1\IBM\SQLLIB\SAMPLES\REPL;C:\Program Files\jZip
RegDB Name: Path
RegDB Root: 2
RegDB Old: C:\uniPaaS\Java\JDK_1_5_0_04\bin;C:\PVSW\BIN;C:\Windows\system32;C:\Windows;C:\Windows\System32\Wbem;C:\Windows\System32\WindowsPowerShell\v1.0\;C:\uniPaaS\Studio\cvs_client;C:\Program Files\Microsoft SQL Server\80\Tools\Binn\;C:\Program Files\Microsoft SQL Server\90\DTS\Binn\;C:\Program Files\Microsoft SQL Server\90\Tools\binn\;C:\Program Files\Microsoft SQL Server\90\Tools\Binn\VSShell\Common7\IDE\;C:\Program Files\Microsoft Visual Studio 8\Common7\IDE\PrivateAssemblies\;C:\uniPaaS\Studio19\cvs_client;C:\PROGRA~1\IBM\SQLLIB\BIN;C:\PROGRA~1\IBM\SQLLIB\FUNCTION;C:\PROGRA~1\IBM\SQLLIB\SAMPLES\REPL
RegDB Key: SOFTWARE\jZip
RegDB Val: C:\Program Files\jZip
RegDB Name: Home
RegDB Root: 2
RegDB Key: SOFTWARE\jZip\Capabilities
RegDB Val: jZip Archive
RegDB Name: ApplicationDescription
RegDB Root: 2
RegDB Key: SOFTWARE\jZip\Capabilities\FileAssociations
RegDB Val: jZip.file
RegDB Name: .zip
RegDB Root: 2
RegDB Key: SOFTWARE\jZip\Capabilities\FileAssociations
RegDB Val: jZip.file
RegDB Name: .tar
RegDB Root: 2
RegDB Key: SOFTWARE\jZip\Capabilities\FileAssociations
RegDB Val: jZip.file
RegDB Name: .gzip
RegDB Root: 2
RegDB Key: SOFTWARE\jZip\Capabilities\FileAssociations
RegDB Val: jZip.file
RegDB Name: .7z
RegDB Root: 2
RegDB Key: SOFTWARE\jZip\Capabilities\FileAssociations
RegDB Val: jZip.file
RegDB Name: .rar
RegDB Root: 2
RegDB Key: SOFTWARE\jZip\Capabilities\FileAssociations
RegDB Val: jZip.file
RegDB Name: .iso
RegDB Root: 2
RegDB Key: SOFTWARE\RegisteredApplications
RegDB Val: SOFTWARE\jZip\Capabilities
RegDB Name: jZip
RegDB Root: 2
RegDB Key: SOFTWARE\Classes\jZip.file
RegDB Val: jZip archive file
RegDB Root: 2
RegDB Key: SOFTWARE\Classes\jZip.file\DefaultIcon
RegDB Val: C:\Program Files\jZip\jZip.exe, 1
RegDB Root: 2
RegDB Key: SOFTWARE\Classes\jZip.file\shell
RegDB Val: 
RegDB Root: 2
RegDB Key: SOFTWARE\Classes\jZip.file\shell\open
RegDB Val: 
RegDB Root: 2
RegDB Key: SOFTWARE\Classes\jZip.file\shell\open\command
RegDB Val: "C:\Program Files\jZip\jZip.exe" --open-archive "%1"
RegDB Root: 2
RegDB Key: SOFTWARE\jZip\Capabilities\FileAssociations
RegDB Val: jZip.file
RegDB Name: .tbz
RegDB Root: 2
RegDB Key: SOFTWARE\jZip\Capabilities\FileAssociations
RegDB Val: jZip.file
RegDB Name: .gz
RegDB Root: 2
RegDB Key: SOFTWARE\jZip\Capabilities\FileAssociations
RegDB Val: jZip.file
RegDB Name: .tgz
RegDB Root: 2
RegDB Key: SOFTWARE\jZip\Capabilities\FileAssociations
RegDB Val: jZip.file
RegDB Name: .001
RegDB Root: 2
RegDB Key: SOFTWARE\jZip\Capabilities\FileAssociations
RegDB Val: jZip.file
RegDB Name: .bz2
RegDB Root: 2
RegDB Key: SOFTWARE\jZip\Capabilities\FileAssociations
RegDB Val: jZip.file
RegDB Name: .arj
RegDB Root: 2
RegDB Key: SOFTWARE\jZip\Capabilities\FileAssociations
RegDB Val: jZip.file
RegDB Name: .cab
RegDB Root: 2
RegDB Key: SOFTWARE\jZip\Capabilities\FileAssociations
RegDB Val: jZip.file
RegDB Name: .tpz
RegDB Root: 2
RegDB Key: SOFTWARE\jZip\Capabilities\FileAssociations
RegDB Val: jZip.file
RegDB Name: .z
RegDB Root: 2
RegDB Key: SOFTWARE\jZip\Capabilities\FileAssociations
RegDB Val: jZip.file
RegDB Name: .taz
RegDB Root: 2
RegDB Key: SOFTWARE\Classes\jZip.file\shellex\DropHandler
RegDB Val: {E677C7AD-2B66-4539-AA29-3771A1CFEDA9}
RegDB Root: 2
File Tree: C:\Program Files\jZip\*.LOG
File Tree: C:\Program Files\jZip\*.TMP
File Tree: C:\Users\aledesma\AppData\Local\jZip\
File Tree: C:\Users\aledesma\AppData\Local\..\LocalLow\jZip\
Execute Program: C:\Program Files\jZip\Uninstall.exe --remove_ext
Execute Program: C:\Program Files\jZip\Uninstall.exe --delayed_move
Execute Program: C:\Program Files\jZip\Uninstall.exe --update_uninstall_stats stats.jzip.com statistics/uninstall.php?ln=en&
Execute Program: C:\Windows\system32\regsvr32.exe /u /s "C:\Program Files\jZip\jZipShell.dll"
Execute Program: C:\Program Files\jZip\WebmailPluginUninstall.exe 
RegDB Key: SOFTWARE\Microsoft\Internet Explorer\Low Rights\ElevationPolicy\{3614D305-2DBB-4991-9297-750DD60FFC73}
RegDB Val: jZip.exe
RegDB Name: AppName
RegDB Root: 2
RegDB Key: SOFTWARE\Microsoft\Internet Explorer\Low Rights\ElevationPolicy\{3614D305-2DBB-4991-9297-750DD60FFC73}
RegDB Val: 3
RegDB Name: Policy
RegDB Root: 2
RegDB Key: SOFTWARE\Microsoft\Internet Explorer\Low Rights\ElevationPolicy\{3614D305-2DBB-4991-9297-750DD60FFC73}
RegDB Val: C:\Program Files\jZip
RegDB Name: AppPath
RegDB Root: 2
User Rights: Admin
